0 info it worked if it ends with ok
1 verbose cli [ '/usr/bin/node', '/usr/bin/npm', 'run', 'dev' ]
2 info using npm@3.5.2
3 info using node@v8.10.0
4 verbose run-script [ 'predev', 'dev', 'postdev' ]
5 info lifecycle wetube_clone@1.0.0~predev: wetube_clone@1.0.0
6 silly lifecycle wetube_clone@1.0.0~predev: no script for predev, continuing
7 info lifecycle wetube_clone@1.0.0~dev: wetube_clone@1.0.0
8 verbose lifecycle wetube_clone@1.0.0~dev: unsafe-perm in lifecycle true
9 verbose lifecycle wetube_clone@1.0.0~dev: PATH: /usr/share/npm/bin/node-gyp-bin:/mnt/c/Users/dlrke/Documents/GitHub/wetube-try/node_modules/.bin:/usr/local/sbin:/usr/local/bin:/usr/sbin:/usr/bin:/sbin:/bin:/usr/games:/usr/local/games:/usr/lib/wsl/lib:/mnt/c/Python310/Scripts/:/mnt/c/Python310/:/mnt/c/ProgramData/Anaconda3:/mnt/c/ProgramData/Anaconda3/Library/mingw-w64/bin:/mnt/c/ProgramData/Anaconda3/Library/usr/bin:/mnt/c/ProgramData/Anaconda3/Library/bin:/mnt/c/ProgramData/Anaconda3/Scripts:/mnt/c/Program Files/Common Files/Oracle/Java/javapath:/mnt/c/Program Files (x86)/Common Files/Oracle/Java/javapath:/mnt/c/Program Files/Python39/Scripts/:/mnt/c/Program Files/Python39/:/mnt/c/Windows/system32:/mnt/c/Windows:/mnt/c/Windows/System32/Wbem:/mnt/c/Windows/System32/WindowsPowerShell/v1.0/:/mnt/c/Windows/System32/OpenSSH/:/mnt/c/Program Files/Git/cmd:/mnt/c/ProgramData/chocolatey/bin:/mnt/c/Users/dlrkeE/AppData/Roaming/npm/:/mnt/c/Program Files/nodejs/:/mnt/c/Users/dlrke/AppData/Local/Microsoft/WindowsApps:/mnt/c/Users/dlrke/AppData/Local/Programs/Microsoft VS Code/bin:/mnt/c/Users/dlrke/AppData/Local/GitHubDesktop/bin:/mnt/c/Users/dlrke/AppData/Roaming/npm
10 verbose lifecycle wetube_clone@1.0.0~dev: CWD: /mnt/c/Users/dlrke/Documents/GitHub/wetube-try
11 silly lifecycle wetube_clone@1.0.0~dev: Args: [ '-c', 'nodemon --exec babel-node src/server.js' ]
12 silly lifecycle wetube_clone@1.0.0~dev: Returned: code: 1  signal: null
13 info lifecycle wetube_clone@1.0.0~dev: Failed to exec dev script
14 verbose stack Error: wetube_clone@1.0.0 dev: `nodemon --exec babel-node src/server.js`
14 verbose stack Exit status 1
14 verbose stack     at EventEmitter.<anonymous> (/usr/share/npm/lib/utils/lifecycle.js:232:16)
14 verbose stack     at emitTwo (events.js:126:13)
14 verbose stack     at EventEmitter.emit (events.js:214:7)
14 verbose stack     at ChildProcess.<anonymous> (/usr/share/npm/lib/utils/spawn.js:24:14)
14 verbose stack     at emitTwo (events.js:126:13)
14 verbose stack     at ChildProcess.emit (events.js:214:7)
14 verbose stack     at maybeClose (internal/child_process.js:925:16)
14 verbose stack     at Process.ChildProcess._handle.onexit (internal/child_process.js:209:5)
15 verbose pkgid wetube_clone@1.0.0
16 verbose cwd /mnt/c/Users/dlrke/Documents/GitHub/wetube-try
17 error Linux 5.10.16.3-microsoft-standard-WSL2
18 error argv "/usr/bin/node" "/usr/bin/npm" "run" "dev"
19 error node v8.10.0
20 error npm  v3.5.2
21 error code ELIFECYCLE
22 error wetube_clone@1.0.0 dev: `nodemon --exec babel-node src/server.js`
22 error Exit status 1
23 error Failed at the wetube_clone@1.0.0 dev script 'nodemon --exec babel-node src/server.js'.
23 error Make sure you have the latest version of node.js and npm installed.
23 error If you do, this is most likely a problem with the wetube_clone package,
23 error not with npm itself.
23 error Tell the author that this fails on your system:
23 error     nodemon --exec babel-node src/server.js
23 error You can get information on how to open an issue for this project with:
23 error     npm bugs wetube_clone
23 error Or if that isn't available, you can get their info via:
23 error     npm owner ls wetube_clone
23 error There is likely additional logging output above.
24 verbose exit [ 1, true ]
